<?xml version="1.0" encoding="UTF-8"?>
<!-- Generated by org.testng.reporters.JUnitXMLReporter -->
<testsuite hostname="DESKTOP-998S31Q" ignored="0" name="verifying Home page" tests="4" failures="0" timestamp="21 Jun 2021 10:28:17 GMT" time="72.159" errors="0">
  <testcase name="executeVerifyClientTitle" time="7.897" classname="ExecuteClasses.ExecuteClient"/>
  <testcase name="executeVerifyClientsIdsearchBarText" time="6.411" classname="ExecuteClasses.ExecuteClient"/>
  <testcase name="executeVerifyClientsNameSearchBarText" time="4.913" classname="ExecuteClasses.ExecuteClient"/>
  <testcase name="executeVerifyClientsWindowVisibility" time="6.225" classname="ExecuteClasses.ExecuteClient"/>
</testsuite> <!-- verifying Home page -->
