<?xml version="1.0" encoding="UTF-8"?>
<!-- Generated by org.testng.reporters.JUnitXMLReporter -->
<testsuite hostname="DESKTOP-998S31Q" ignored="0" name="Verifying Login function using firefox" tests="4" failures="0" timestamp="23 Jun 2021 16:10:01 GMT" time="115.869" errors="0">
  <testcase name="executeLoginFunction" time="2.719" classname="ExecuteClasses.ExecuteLogin"/>
  <testcase name="executeVerifyCheckBoxFunction" time="0.573" classname="ExecuteClasses.ExecuteLogin"/>
  <testcase name="executeVerifyErrorMessage" time="1.937" classname="ExecuteClasses.ExecuteLogin"/>
  <testcase name="executeVerifyResetLink" time="0.039" classname="ExecuteClasses.ExecuteLogin"/>
</testsuite> <!-- Verifying Login function using firefox -->
