<?xml version="1.0" encoding="UTF-8"?>
<!-- Generated by org.testng.reporters.JUnitXMLReporter -->
<testsuite hostname="DESKTOP-998S31Q" ignored="0" name="verifying Clients Window" tests="10" failures="4" timestamp="27 Jun 2021 08:45:00 GMT" time="166.836" errors="0">
  <testcase name="executeEditDetailsOfGrid" time="7.636" classname="ExecuteClasses.ExecuteClient"/>
  <testcase name="executeVerifyClientTitle" time="5.887" classname="ExecuteClasses.ExecuteClient"/>
  <testcase name="executeVerifyClientsIdsearchBarText" time="5.418" classname="ExecuteClasses.ExecuteClient"/>
  <testcase name="executeVerifyClientsNameSearchBarText" time="5.269" classname="ExecuteClasses.ExecuteClient"/>
  <testcase name="executeVerifyClientsWindowVisibility" time="5.201" classname="ExecuteClasses.ExecuteClient"/>
  <testcase name="executeVerifyNamesOfGrid" time="6.478" classname="ExecuteClasses.ExecuteClient"/>
  <testcase name="executeVerifySearchingFunctionality" time="6.071" classname="ExecuteClasses.ExecuteClient">
    <failure type="java.lang.AssertionError" message="The following asserts failed:
	expected [Amal xaviour] but found [Middleton Grove]">
      <![CDATA[java.lang.AssertionError: The following asserts failed:
expected [Amal xaviour] but found [Middleton Grove]
at ExecuteClasses.ExecuteClient.executeVerifySearchingFunctionality(ExecuteClient.java:118)
at java.util.concurrent.FutureTask.run(FutureTask.java:266)
at java.util.concurrent.ThreadPoolExecutor.runWorker(ThreadPoolExecutor.java:1149)
at java.util.concurrent.ThreadPoolExecutor$Worker.run(ThreadPoolExecutor.java:624)
at java.lang.Thread.run(Thread.java:748)
... Removed 17 stack frames]]>
    </failure>
  </testcase> <!-- executeVerifySearchingFunctionality -->
  <testcase name="executeVerifySearchingFunctionality" time="6.547" classname="ExecuteClasses.ExecuteClient">
    <failure type="java.lang.AssertionError" message="The following asserts failed:
	expected [Amal xaviour] but found [The Vines]">
      <![CDATA[java.lang.AssertionError: The following asserts failed:
expected [Amal xaviour] but found [The Vines]
at ExecuteClasses.ExecuteClient.executeVerifySearchingFunctionality(ExecuteClient.java:118)
at java.util.concurrent.FutureTask.run(FutureTask.java:266)
at java.util.concurrent.ThreadPoolExecutor.runWorker(ThreadPoolExecutor.java:1149)
at java.util.concurrent.ThreadPoolExecutor$Worker.run(ThreadPoolExecutor.java:624)
at java.lang.Thread.run(Thread.java:748)
... Removed 17 stack frames]]>
    </failure>
  </testcase> <!-- executeVerifySearchingFunctionality -->
  <testcase name="executeVerifySearchingFunctionality" time="7.726" classname="ExecuteClasses.ExecuteClient">
    <failure type="java.lang.AssertionError" message="The following asserts failed:
	expected [Amal xaviour] but found [Filsham Lodge]">
      <![CDATA[java.lang.AssertionError: The following asserts failed:
expected [Amal xaviour] but found [Filsham Lodge]
at ExecuteClasses.ExecuteClient.executeVerifySearchingFunctionality(ExecuteClient.java:118)
at java.util.concurrent.FutureTask.run(FutureTask.java:266)
at java.util.concurrent.ThreadPoolExecutor.runWorker(ThreadPoolExecutor.java:1149)
at java.util.concurrent.ThreadPoolExecutor$Worker.run(ThreadPoolExecutor.java:624)
at java.lang.Thread.run(Thread.java:748)
... Removed 17 stack frames]]>
    </failure>
  </testcase> <!-- executeVerifySearchingFunctionality -->
  <testcase name="executeVerifyclientsSearchName" time="6.793" classname="ExecuteClasses.ExecuteClient">
    <failure type="java.lang.AssertionError" message="The following asserts failed:
	expected [Amal xaviour] but found [Claydon]">
      <![CDATA[java.lang.AssertionError: The following asserts failed:
expected [Amal xaviour] but found [Claydon]
at ExecuteClasses.ExecuteClient.executeVerifyclientsSearchName(ExecuteClient.java:102)
at java.util.concurrent.FutureTask.run(FutureTask.java:266)
at java.util.concurrent.ThreadPoolExecutor.runWorker(ThreadPoolExecutor.java:1149)
at java.util.concurrent.ThreadPoolExecutor$Worker.run(ThreadPoolExecutor.java:624)
at java.lang.Thread.run(Thread.java:748)
... Removed 17 stack frames]]>
    </failure>
  </testcase> <!-- executeVerifyclientsSearchName -->
</testsuite> <!-- verifying Clients Window -->
