<?xml version="1.0" encoding="UTF-8"?>
<!-- Generated by org.testng.reporters.JUnitXMLReporter -->
<testsuite hostname="DESKTOP-998S31Q" ignored="0" name="verifying Clients Window using firefox" tests="8" failures="1" timestamp="23 Jun 2021 16:14:09 GMT" time="248.237" errors="0">
  <testcase name="executeVerifyClientTitle" time="7.066" classname="ExecuteClasses.ExecuteClient"/>
  <testcase name="executeVerifyClientsIdsearchBarText" time="8.37" classname="ExecuteClasses.ExecuteClient"/>
  <testcase name="executeVerifyClientsNameSearchBarText" time="6.372" classname="ExecuteClasses.ExecuteClient"/>
  <testcase name="executeVerifyClientsWindowVisibility" time="8.519" classname="ExecuteClasses.ExecuteClient"/>
  <testcase name="executeVerifySearchingFunctionality" time="10.78" classname="ExecuteClasses.ExecuteClient"/>
  <testcase name="executeVerifySearchingFunctionality" time="10.071" classname="ExecuteClasses.ExecuteClient"/>
  <testcase name="executeVerifySearchingFunctionality" time="8.861" classname="ExecuteClasses.ExecuteClient"/>
  <testcase name="executeVerifyclientsSearchName" time="5.97" classname="ExecuteClasses.ExecuteClient">
    <failure type="java.lang.AssertionError" message="The following asserts failed:
	expected [.] but found [Claydon]">
      <![CDATA[java.lang.AssertionError: The following asserts failed:
expected [.] but found [Claydon]
at ExecuteClasses.ExecuteClient.executeVerifyclientsSearchName(ExecuteClient.java:96)
at java.util.concurrent.FutureTask.run(FutureTask.java:266)
at java.util.concurrent.ThreadPoolExecutor.runWorker(ThreadPoolExecutor.java:1149)
at java.util.concurrent.ThreadPoolExecutor$Worker.run(ThreadPoolExecutor.java:624)
at java.lang.Thread.run(Thread.java:748)
... Removed 17 stack frames]]>
    </failure>
  </testcase> <!-- executeVerifyclientsSearchName -->
</testsuite> <!-- verifying Clients Window using firefox -->
