<?xml version="1.0" encoding="UTF-8"?>
<!-- Generated by org.testng.reporters.JUnitXMLReporter -->
<testsuite hostname="DESKTOP-998S31Q" ignored="0" name="Verifying Visibility of Home pageDrop using chrome" tests="5" failures="0" timestamp="23 Jun 2021 16:12:15 GMT" time="122.311" errors="0">
  <testcase name="executeVerifyVisibilityOfInvoice" time="8.519" classname="ExecuteClasses.ExecuteHome"/>
  <testcase name="executeVerifyVisibilityOfPaySlip" time="5.969" classname="ExecuteClasses.ExecuteHome"/>
  <testcase name="executeVerifyVisibilityOfTimeSheetWindow" time="8.707" classname="ExecuteClasses.ExecuteHome"/>
  <testcase name="executeVerifyVisibityOfDeductionWindow" time="6.485" classname="ExecuteClasses.ExecuteHome"/>
  <testcase name="executeVerifyVisibityOfWorkersWindow" time="10.107" classname="ExecuteClasses.ExecuteHome"/>
</testsuite> <!-- Verifying Visibility of Home pageDrop using chrome -->
