<?xml version="1.0" encoding="UTF-8"?>
<!-- Generated by org.testng.reporters.JUnitXMLReporter -->
<testsuite hostname="DESKTOP-998S31Q" ignored="0" name="Verifying Visibility of Home pageDrop using fire fox" tests="5" failures="0" timestamp="23 Jun 2021 16:15:09 GMT" time="173.993" errors="0">
  <testcase name="executeVerifyVisibilityOfInvoice" time="8.587" classname="ExecuteClasses.ExecuteHome"/>
  <testcase name="executeVerifyVisibilityOfPaySlip" time="13.047" classname="ExecuteClasses.ExecuteHome"/>
  <testcase name="executeVerifyVisibilityOfTimeSheetWindow" time="6.318" classname="ExecuteClasses.ExecuteHome"/>
  <testcase name="executeVerifyVisibityOfDeductionWindow" time="5.364" classname="ExecuteClasses.ExecuteHome"/>
  <testcase name="executeVerifyVisibityOfWorkersWindow" time="5.09" classname="ExecuteClasses.ExecuteHome"/>
</testsuite> <!-- Verifying Visibility of Home pageDrop using fire fox -->
