<?xml version="1.0" encoding="UTF-8"?>
<!-- Generated by org.testng.reporters.JUnitXMLReporter -->
<testsuite hostname="DESKTOP-998S31Q" ignored="0" name="Verifying Visibility of Home page Drop windows" tests="5" failures="0" timestamp="21 Jun 2021 10:28:25 GMT" time="80.501" errors="0">
  <testcase name="executeVerifyVisibilityOfInvoice" time="5.952" classname="ExecuteClasses.ExecuteHome"/>
  <testcase name="executeVerifyVisibilityOfPaySlip" time="4.836" classname="ExecuteClasses.ExecuteHome"/>
  <testcase name="executeVerifyVisibilityOfTimeSheetWindow" time="6.565" classname="ExecuteClasses.ExecuteHome"/>
  <testcase name="executeVerifyVisibityOfDeductionWindow" time="5.384" classname="ExecuteClasses.ExecuteHome"/>
  <testcase name="executeVerifyVisibityOfWorkersWindow" time="4.763" classname="ExecuteClasses.ExecuteHome"/>
</testsuite> <!-- Verifying Visibility of Home page Drop windows -->
