<?xml version="1.0" encoding="UTF-8"?>
<!-- Generated by org.testng.reporters.JUnitXMLReporter -->
<testsuite hostname="DESKTOP-998S31Q" ignored="0" name="Verifying Login function using chrome" tests="4" failures="0" timestamp="23 Jun 2021 16:09:18 GMT" time="73.334" errors="0">
  <testcase name="executeLoginFunction" time="4.816" classname="ExecuteClasses.ExecuteLogin"/>
  <testcase name="executeVerifyCheckBoxFunction" time="0.169" classname="ExecuteClasses.ExecuteLogin"/>
  <testcase name="executeVerifyErrorMessage" time="1.768" classname="ExecuteClasses.ExecuteLogin"/>
  <testcase name="executeVerifyResetLink" time="0.054" classname="ExecuteClasses.ExecuteLogin"/>
</testsuite> <!-- Verifying Login function using chrome -->
