<?xml version="1.0" encoding="UTF-8"?>
<!-- Generated by org.testng.reporters.JUnitXMLReporter -->
<testsuite hostname="DESKTOP-998S31Q" ignored="0" name="Verifying Visibility of Home pageDrop" tests="14" failures="0" timestamp="27 Jun 2021 08:45:54 GMT" time="220.703" errors="0">
  <testcase name="executeVerifyColorOfSettingsButton" time="4.028" classname="ExecuteClasses.ExecuteHome"/>
  <testcase name="executeVerifyLogOut" time="4.498" classname="ExecuteClasses.ExecuteHome"/>
  <testcase name="executeVerifyLogOutUsingMouse" time="6.551" classname="ExecuteClasses.ExecuteHome"/>
  <testcase name="executeVerifyLogoDisplay" time="4.02" classname="ExecuteClasses.ExecuteHome"/>
  <testcase name="executeVerifySettingsButtonDisplayed" time="3.048" classname="ExecuteClasses.ExecuteHome"/>
  <testcase name="executeVerifySizeofSettingsButton" time="3.194" classname="ExecuteClasses.ExecuteHome"/>
  <testcase name="executeVerifyVisibilityOfInvoice" time="6.332" classname="ExecuteClasses.ExecuteHome"/>
  <testcase name="executeVerifyVisibilityOfPaySlip" time="4.827" classname="ExecuteClasses.ExecuteHome"/>
  <testcase name="executeVerifyVisibilityOfTimeSheetWindow" time="4.936" classname="ExecuteClasses.ExecuteHome"/>
  <testcase name="executeVerifyVisibityOfDeductionWindow" time="5.824" classname="ExecuteClasses.ExecuteHome"/>
  <testcase name="executeVerifyVisibityOfWorkersWindow" time="5.568" classname="ExecuteClasses.ExecuteHome"/>
  <testcase name="executeVerifyGenerateInvoice" time="10.71" classname="ExecuteClasses.ExecuteTimeSheet"/>
  <testcase name="executeVerifyGenerateInvoiceButtonColor" time="6.844" classname="ExecuteClasses.ExecuteTimeSheet"/>
  <testcase name="executeVerifyGeneratePaySlipFunction" time="10.769" classname="ExecuteClasses.ExecuteTimeSheet"/>
</testsuite> <!-- Verifying Visibility of Home pageDrop -->
