<?xml version="1.0" encoding="UTF-8"?>
<!-- Generated by org.testng.reporters.JUnitXMLReporter -->
<testsuite hostname="DESKTOP-998S31Q" ignored="7" name="Default test" tests="1" failures="0" timestamp="01 Jul 2021 11:05:03 GMT" time="19.754" errors="0">
  <testcase name="executeDatePicker" time="12.757" classname="ExecuteClasses.ExecuteWorkers"/>
  <testcase name="executeVerifyWorkerName" time="0.0" classname="ExecuteClasses.ExecuteWorkers">
    <ignored/>
  </testcase> <!-- executeVerifyWorkerName -->
  <testcase name="executeVerifyCheckVisibilityOfBottomNext2Button" time="0.0" classname="ExecuteClasses.ExecuteWorkers">
    <ignored/>
  </testcase> <!-- executeVerifyCheckVisibilityOfBottomNext2Button -->
  <testcase name="executeVerifyErrorMessageOfMandatoryFieldEmail" time="0.0" classname="ExecuteClasses.ExecuteWorkers">
    <ignored/>
  </testcase> <!-- executeVerifyErrorMessageOfMandatoryFieldEmail -->
  <testcase name="executeVerifyUpdateOfMemberSecond" time="0.0" classname="ExecuteClasses.ExecuteWorkers">
    <ignored/>
  </testcase> <!-- executeVerifyUpdateOfMemberSecond -->
  <testcase name="createNewWorker" time="0.0" classname="ExecuteClasses.ExecuteWorkers">
    <ignored/>
  </testcase> <!-- createNewWorker -->
  <testcase name="executeVerifyErrorMessageOfMandatoryFieldName" time="0.0" classname="ExecuteClasses.ExecuteWorkers">
    <ignored/>
  </testcase> <!-- executeVerifyErrorMessageOfMandatoryFieldName -->
  <testcase name="executeVerifyUpdateOfMemberFifth" time="0.0" classname="ExecuteClasses.ExecuteWorkers">
    <ignored/>
  </testcase> <!-- executeVerifyUpdateOfMemberFifth -->
</testsuite> <!-- Default test -->
